#
# There is insufficient memory for the Java Runtime Environment to continue.
# Native memory allocation (malloc) failed to allocate 1048576 bytes. Error detail: AllocateHeap
# Possible reasons:
#   The system is out of physical RAM or swap space
#   This process is running with CompressedOops enabled, and the Java Heap may be blocking the growth of the native heap
# Possible solutions:
#   Reduce memory load on the system
#   Increase physical memory or swap space
#   Check if swap backing store is full
#   Decrease Java heap size (-Xmx/-Xms)
#   Decrease number of Java threads
#   Decrease Java thread stack sizes (-Xss)
#   Set larger code cache with -XX:ReservedCodeCacheSize=
#   JVM is running with Unscaled Compressed Oops mode in which the Java heap is
#     placed in the first 4GB address space. The Java Heap base address is the
#     maximum limit for the native heap growth. Please use -XX:HeapBaseMinAddress
#     to set the Java Heap base and to place the Java Heap above 4GB virtual address.
# This output file may be truncated or incomplete.
#
#  Out of Memory Error (allocation.cpp:44), pid=29156, tid=20384
#
# JRE version: OpenJDK Runtime Environment Temurin-21.0.9+10 (21.0.9+10) (build 21.0.9+10-LTS)
# Java VM: OpenJDK 64-Bit Server VM Temurin-21.0.9+10 (21.0.9+10-LTS, mixed mode, sharing, tiered, compressed oops, compressed class ptrs, parallel gc, windows-amd64)
# No core dump will be written. Minidumps are not enabled by default on client versions of Windows
#

---------------  S U M M A R Y ------------

Command Line: --add-modules=ALL-SYSTEM --add-opens=java.base/java.util=ALL-UNNAMED --add-opens=java.base/java.lang=ALL-UNNAMED --add-opens=java.base/sun.nio.fs=ALL-UNNAMED -Declipse.application=org.eclipse.jdt.ls.core.id1 -Dosgi.bundles.defaultStartLevel=4 -Declipse.product=org.eclipse.jdt.ls.core.product -Djava.import.generatesMetadataFilesAtProjectRoot=false -DDetectVMInstallationsJob.disabled=true -Dfile.encoding=utf8 -XX:+UseParallelGC -XX:GCTimeRatio=4 -XX:AdaptiveSizePolicyWeight=90 -Dsun.zip.disableMemoryMapping=true -Xmx2G -Xms100m -Xlog:disable -javaagent:c:\Users\Sameer\.vscode\extensions\redhat.java-1.50.0-win32-x64\lombok\lombok-1.18.39-4050.jar -XX:+HeapDumpOnOutOfMemoryError -XX:HeapDumpPath=c:\Users\Sameer\AppData\Roaming\Code\User\workspaceStorage\947248895c1b84365537d17d33aefe41\redhat.java -Daether.dependencyCollector.impl=bf c:\Users\Sameer\.vscode\extensions\redhat.java-1.50.0-win32-x64\server\plugins\org.eclipse.equinox.launcher_1.7.100.v20251111-0406.jar -configuration c:\Users\Sameer\AppData\Roaming\Code\User\globalStorage\redhat.java\1.50.0\config_win -data c:\Users\Sameer\AppData\Roaming\Code\User\workspaceStorage\947248895c1b84365537d17d33aefe41\redhat.java\jdt_ws --pipe=\\.\pipe\lsp-acd85a6d85d095cc860b0474244475f5-sock

Host: AMD Ryzen 5 5600H with Radeon Graphics         , 12 cores, 15G,  Windows 10 , 64 bit Build 19041 (10.0.19041.5915)
Time: Wed Dec 10 22:58:16 2025 India Standard Time elapsed time: 24731.900359 seconds (0d 6h 52m 11s)

---------------  T H R E A D  ---------------

Current thread (0x0000022aa0bd33e0):  JavaThread "Attach Listener" daemon [_thread_in_vm, id=20384, stack(0x000000a603700000,0x000000a603800000) (1024K)]

Stack: [0x000000a603700000,0x000000a603800000]
Native frames: (J=compiled Java code, j=interpreted, Vv=VM code, C=native code)
V  [jvm.dll+0x6d6e29]
V  [jvm.dll+0x8b4b76]
V  [jvm.dll+0x8b712e]
V  [jvm.dll+0x8b7813]
V  [jvm.dll+0x283d86]
V  [jvm.dll+0xc1277]
V  [jvm.dll+0x6d76d9]
V  [jvm.dll+0x133466]
V  [jvm.dll+0x3f7ea6]
V  [jvm.dll+0x85e9ad]
V  [jvm.dll+0x6d565d]
C  [ucrtbase.dll+0x21bb2]
C  [KERNEL32.DLL+0x17374]
C  [ntdll.dll+0x4cc91]


---------------  P R O C E S S  ---------------

Threads class SMR info:
_java_thread_list=0x0000022aee2856e0, length=39, elements={
0x0000022a8a11ec70, 0x0000022aa0bcea40, 0x0000022aa0bd0340, 0x0000022aa0bd24d0,
0x0000022aa0bd33e0, 0x0000022aa0bd79f0, 0x0000022aa0bde7f0, 0x0000022ae3ba8d10,
0x0000022aa0bdb810, 0x0000022ae3df3660, 0x0000022ae3e00e50, 0x0000022ae84f0080,
0x0000022ae861b890, 0x0000022ae8b1e590, 0x0000022ae85f21b0, 0x0000022ae88c8e30,
0x0000022ae8d4ed40, 0x0000022ae8cef3f0, 0x0000022ae8cee6d0, 0x0000022ae931bb40,
0x0000022ae931a790, 0x0000022ae931c1d0, 0x0000022ae931c860, 0x0000022ae93193e0,
0x0000022ae931cef0, 0x0000022ae931dc10, 0x0000022ae931efc0, 0x0000022ae9318030,
0x0000022ae931e2a0, 0x0000022ae931d580, 0x0000022ae931e930, 0x0000022ae931f650,
0x0000022ae93186c0, 0x0000022ae9318d50, 0x0000022aeab3b230, 0x0000022aeab35ce0,
0x0000022aeab39160, 0x0000022aeab36a00, 0x0000022ae890ddc0
}

Java Threads: ( => current thread )
  0x0000022a8a11ec70 JavaThread "main"                              [_thread_blocked, id=17648, stack(0x000000a603000000,0x000000a603100000) (1024K)]
  0x0000022aa0bcea40 JavaThread "Reference Handler"          daemon [_thread_blocked, id=24992, stack(0x000000a603400000,0x000000a603500000) (1024K)]
  0x0000022aa0bd0340 JavaThread "Finalizer"                  daemon [_thread_blocked, id=24296, stack(0x000000a603500000,0x000000a603600000) (1024K)]
  0x0000022aa0bd24d0 JavaThread "Signal Dispatcher"          daemon [_thread_blocked, id=31472, stack(0x000000a603600000,0x000000a603700000) (1024K)]
=>0x0000022aa0bd33e0 JavaThread "Attach Listener"            daemon [_thread_in_vm, id=20384, stack(0x000000a603700000,0x000000a603800000) (1024K)]
  0x0000022aa0bd79f0 JavaThread "Service Thread"             daemon [_thread_blocked, id=12776, stack(0x000000a603800000,0x000000a603900000) (1024K)]
  0x0000022aa0bde7f0 JavaThread "Monitor Deflation Thread"   daemon [_thread_blocked, id=29412, stack(0x000000a603900000,0x000000a603a00000) (1024K)]
  0x0000022ae3ba8d10 JavaThread "C2 CompilerThread0"         daemon [_thread_blocked, id=25612, stack(0x000000a603a00000,0x000000a603b00000) (1024K)]
  0x0000022aa0bdb810 JavaThread "C1 CompilerThread0"         daemon [_thread_blocked, id=26572, stack(0x000000a603b00000,0x000000a603c00000) (1024K)]
  0x0000022ae3df3660 JavaThread "Common-Cleaner"             daemon [_thread_blocked, id=17672, stack(0x000000a603c00000,0x000000a603d00000) (1024K)]
  0x0000022ae3e00e50 JavaThread "Notification Thread"        daemon [_thread_blocked, id=31224, stack(0x000000a603e00000,0x000000a603f00000) (1024K)]
  0x0000022ae84f0080 JavaThread "Active Thread: Equinox Container: 75e49709-0915-4025-a407-ec668fc814fb"        [_thread_blocked, id=28448, stack(0x000000a604600000,0x000000a604700000) (1024K)]
  0x0000022ae861b890 JavaThread "Refresh Thread: Equinox Container: 75e49709-0915-4025-a407-ec668fc814fb" daemon [_thread_blocked, id=29300, stack(0x000000a604700000,0x000000a604800000) (1024K)]
  0x0000022ae8b1e590 JavaThread "Framework Event Dispatcher: Equinox Container: 75e49709-0915-4025-a407-ec668fc814fb" daemon [_thread_blocked, id=24828, stack(0x000000a604900000,0x000000a604a00000) (1024K)]
  0x0000022ae85f21b0 JavaThread "Start Level: Equinox Container: 75e49709-0915-4025-a407-ec668fc814fb" daemon [_thread_blocked, id=31784, stack(0x000000a604a00000,0x000000a604b00000) (1024K)]
  0x0000022ae88c8e30 JavaThread "Bundle File Closer"         daemon [_thread_blocked, id=31220, stack(0x000000a604d00000,0x000000a604e00000) (1024K)]
  0x0000022ae8d4ed40 JavaThread "SCR Component Actor"        daemon [_thread_blocked, id=14632, stack(0x000000a604e00000,0x000000a604f00000) (1024K)]
  0x0000022ae8cef3f0 JavaThread "Worker-JM"                         [_thread_blocked, id=25580, stack(0x000000a604f00000,0x000000a605000000) (1024K)]
  0x0000022ae8cee6d0 JavaThread "JNA Cleaner"                daemon [_thread_blocked, id=32752, stack(0x000000a605000000,0x000000a605100000) (1024K)]
  0x0000022ae931bb40 JavaThread "Worker-0"                          [_thread_blocked, id=24448, stack(0x000000a605100000,0x000000a605200000) (1024K)]
  0x0000022ae931a790 JavaThread "Java indexing"              daemon [_thread_blocked, id=28356, stack(0x000000a605300000,0x000000a605400000) (1024K)]
  0x0000022ae931c1d0 JavaThread "Worker-3"                          [_thread_blocked, id=23264, stack(0x000000a605500000,0x000000a605600000) (1024K)]
  0x0000022ae931c860 JavaThread "Thread-1"                   daemon [_thread_in_native, id=4300, stack(0x000000a605600000,0x000000a605700000) (1024K)]
  0x0000022ae93193e0 JavaThread "Thread-2"                   daemon [_thread_in_native, id=22804, stack(0x000000a605700000,0x000000a605800000) (1024K)]
  0x0000022ae931cef0 JavaThread "Thread-3"                   daemon [_thread_in_native, id=31372, stack(0x000000a605800000,0x000000a605900000) (1024K)]
  0x0000022ae931dc10 JavaThread "Thread-4"                   daemon [_thread_in_native, id=13584, stack(0x000000a605900000,0x000000a605a00000) (1024K)]
  0x0000022ae931efc0 JavaThread "Thread-5"                   daemon [_thread_in_native, id=32664, stack(0x000000a605a00000,0x000000a605b00000) (1024K)]
  0x0000022ae9318030 JavaThread "Thread-6"                   daemon [_thread_in_native, id=10400, stack(0x000000a605b00000,0x000000a605c00000) (1024K)]
  0x0000022ae931e2a0 JavaThread "Thread-7"                   daemon [_thread_in_native, id=32340, stack(0x000000a605c00000,0x000000a605d00000) (1024K)]
  0x0000022ae931d580 JavaThread "Thread-8"                   daemon [_thread_in_native, id=26464, stack(0x000000a605d00000,0x000000a605e00000) (1024K)]
  0x0000022ae931e930 JavaThread "Thread-9"                   daemon [_thread_in_native, id=31164, stack(0x000000a605e00000,0x000000a605f00000) (1024K)]
  0x0000022ae931f650 JavaThread "Thread-10"                  daemon [_thread_in_native, id=11008, stack(0x000000a605f00000,0x000000a606000000) (1024K)]
  0x0000022ae93186c0 JavaThread "Thread-11"                  daemon [_thread_in_native, id=20912, stack(0x000000a606000000,0x000000a606100000) (1024K)]
  0x0000022ae9318d50 JavaThread "Thread-12"                  daemon [_thread_in_native, id=17708, stack(0x000000a606100000,0x000000a606200000) (1024K)]
  0x0000022aeab3b230 JavaThread "Thread-13"                  daemon [_thread_in_native, id=20300, stack(0x000000a606200000,0x000000a606300000) (1024K)]
  0x0000022aeab35ce0 JavaThread "pool-2-thread-1"                   [_thread_blocked, id=19476, stack(0x000000a606300000,0x000000a606400000) (1024K)]
  0x0000022aeab39160 JavaThread "WorkspaceEventsHandler"            [_thread_blocked, id=28680, stack(0x000000a606600000,0x000000a606700000) (1024K)]
  0x0000022aeab36a00 JavaThread "pool-1-thread-1"                   [_thread_blocked, id=22060, stack(0x000000a606700000,0x000000a606800000) (1024K)]
  0x0000022ae890ddc0 JavaThread "Cleaner-0"                  daemon [_thread_blocked, id=3732, stack(0x000000a608000000,0x000000a608100000) (1024K)]
Total: 39

Other Threads:
  0x0000022aa0bb2cd0 VMThread "VM Thread"                           [id=28860, stack(0x000000a603300000,0x000000a603400000) (1024K)]
  0x0000022a8a1e3210 WatcherThread "VM Periodic Task Thread"        [id=31332, stack(0x000000a603200000,0x000000a603300000) (1024K)]
  0x0000022a8a13c1a0 WorkerThread "GC Thread#0"                     [id=20824, stack(0x000000a603100000,0x000000a603200000) (1024K)]
  0x0000022ae3f6f600 WorkerThread "GC Thread#1"                     [id=6688, stack(0x000000a604000000,0x000000a604100000) (1024K)]
  0x0000022ae8657fb0 WorkerThread "GC Thread#2"                     [id=20528, stack(0x000000a604100000,0x000000a604200000) (1024K)]
  0x0000022ae8b436a0 WorkerThread "GC Thread#3"                     [id=15784, stack(0x000000a604200000,0x000000a604300000) (1024K)]
  0x0000022ae8b420e0 WorkerThread "GC Thread#4"                     [id=13412, stack(0x000000a604300000,0x000000a604400000) (1024K)]
  0x0000022ae8b41d40 WorkerThread "GC Thread#5"                     [id=28764, stack(0x000000a604400000,0x000000a604500000) (1024K)]
  0x0000022ae8b42480 WorkerThread "GC Thread#6"                     [id=28780, stack(0x000000a604500000,0x000000a604600000) (1024K)]
  0x0000022ae8b42bc0 WorkerThread "GC Thread#7"                     [id=25812, stack(0x000000a604800000,0x000000a604900000) (1024K)]
  0x0000022ae8b43300 WorkerThread "GC Thread#8"                     [id=24088, stack(0x000000a604b00000,0x000000a604c00000) (1024K)]
  0x0000022ae8c85a40 WorkerThread "GC Thread#9"                     [id=32464, stack(0x000000a604c00000,0x000000a604d00000) (1024K)]
Total: 12

Threads with active compile tasks:
Total: 0

VM state: not at safepoint (normal execution)

VM Mutex/Monitor currently owned by a thread: None

Heap address: 0x0000000080000000, size: 2048 MB, Compressed Oops mode: 32-bit

CDS archive(s) mapped at: [0x0000022aa1000000-0x0000022aa1ba0000-0x0000022aa1ba0000), size 12189696, SharedBaseAddress: 0x0000022aa1000000, ArchiveRelocationMode: 1.
Compressed class space mapped at: 0x0000022aa2000000-0x0000022ae2000000, reserved size: 1073741824
Narrow klass base: 0x0000022aa1000000, Narrow klass shift: 0, Narrow klass range: 0x100000000

GC Precious Log:
 CardTable entry size: 512
 CPUs: 12 total, 12 available
 Memory: 15713M
 Large Page Support: Disabled
 NUMA Support: Disabled
 Compressed Oops: Enabled (32-bit)
 Alignments: Space 512K, Generation 512K, Heap 2M
 Heap Min Capacity: 100M
 Heap Initial Capacity: 100M
 Heap Max Capacity: 2G
 Pre-touch: Disabled
 Parallel Workers: 10

Heap:
 PSYoungGen      total 7168K, used 5755K [0x00000000d5580000, 0x00000000d5d80000, 0x0000000100000000)
  eden space 6144K, 81% used [0x00000000d5580000,0x00000000d5a66de8,0x00000000d5b80000)
  from space 1024K, 71% used [0x00000000d5c80000,0x00000000d5d38000,0x00000000d5d80000)
  to   space 1024K, 0% used [0x00000000d5b80000,0x00000000d5b80000,0x00000000d5c80000)
 ParOldGen       total 251392K, used 251069K [0x0000000080000000, 0x000000008f580000, 0x00000000d5580000)
  object space 251392K, 99% used [0x0000000080000000,0x000000008f52f6d0,0x000000008f580000)
 Metaspace       used 78039K, committed 79616K, reserved 1179648K
  class space    used 8233K, committed 8896K, reserved 1048576K

Card table byte_map: [0x0000022a89ad0000,0x0000022a89ee0000] _byte_map_base: 0x0000022a896d0000

Marking Bits: (ParMarkBitMap*) 0x00007ffdc9522460
 Begin Bits: [0x0000022a9c5e0000, 0x0000022a9e5e0000)
 End Bits:   [0x0000022a9e5e0000, 0x0000022aa05e0000)

Polling page: 0x0000022a87e10000

Metaspace:

Usage:
  Non-class:     68.17 MB used.
      Class:      8.04 MB used.
       Both:     76.21 MB used.

Virtual space:
  Non-class space:      128.00 MB reserved,      69.06 MB ( 54%) committed,  2 nodes.
      Class space:        1.00 GB reserved,       8.69 MB ( <1%) committed,  1 nodes.
             Both:        1.12 GB reserved,      77.75 MB (  7%) committed. 

Chunk freelists:
   Non-Class:  10.31 MB
       Class:  7.31 MB
        Both:  17.62 MB

MaxMetaspaceSize: unlimited
CompressedClassSpaceSize: 1.00 GB
Initial GC threshold: 21.00 MB
Current GC threshold: 97.31 MB
CDS: on
 - commit_granule_bytes: 65536.
 - commit_granule_words: 8192.
 - virtual_space_node_default_size: 8388608.
 - enlarge_chunks_in_place: 1.
 - use_allocation_guard: 0.


Internal statistics:

num_allocs_failed_limit: 9.
num_arena_births: 1448.
num_arena_deaths: 14.
num_vsnodes_births: 3.
num_vsnodes_deaths: 0.
num_space_committed: 1244.
num_space_uncommitted: 0.
num_chunks_returned_to_freelist: 23.
num_chunks_taken_from_freelist: 5043.
num_chunk_merges: 14.
num_chunk_splits: 3062.
num_chunks_enlarged: 1679.
num_inconsistent_stats: 0.

CodeHeap 'non-profiled nmethods': size=120000Kb used=11236Kb max_used=11236Kb free=108763Kb
 bounds [0x0000022a94e00000, 0x0000022a95900000, 0x0000022a9c330000]
CodeHeap 'profiled nmethods': size=120000Kb used=33527Kb max_used=33527Kb free=86472Kb
 bounds [0x0000022a8d330000, 0x0000022a8f3f0000, 0x0000022a94860000]
CodeHeap 'non-nmethods': size=5760Kb used=1501Kb max_used=1600Kb free=4258Kb
 bounds [0x0000022a94860000, 0x0000022a94ad0000, 0x0000022a94e00000]
CodeCache: size=245760Kb, used=46264Kb, max_used=46363Kb, free=199493Kb
 total_blobs=15170, nmethods=14347, adapters=725, full_count=0
Compilation: enabled, stopped_count=0, restarted_count=0

Compilation events (20 events):
Event: 19202.617 Thread 0x0000022aa0bdb810 15144       1       org.eclipse.core.internal.jobs.InternalJob::getPriority (5 bytes)
Event: 19202.617 Thread 0x0000022aa0bdb810 nmethod 15144 0x0000022a958f4910 code [0x0000022a958f4aa0, 0x0000022a958f4b68]
Event: 19202.618 Thread 0x0000022aa0bdb810 15145   !   3       org.eclipse.core.internal.jobs.JobManager::changeState (511 bytes)
Event: 19202.644 Thread 0x0000022aa0bdb810 nmethod 15145 0x0000022a8f3e9110 code [0x0000022a8f3e95a0, 0x0000022a8f3eb620]
Event: 20102.618 Thread 0x0000022aa0bdb810 15146       1       org.eclipse.core.internal.jobs.InternalJob::getName (5 bytes)
Event: 20102.620 Thread 0x0000022aa0bdb810 nmethod 15146 0x0000022a958f4c10 code [0x0000022a958f4da0, 0x0000022a958f4e68]
Event: 20939.403 Thread 0x0000022ae3ba8d10 15147   !   4       java.util.concurrent.locks.AbstractQueuedSynchronizer::acquire (424 bytes)
Event: 20939.461 Thread 0x0000022ae3ba8d10 nmethod 15147 0x0000022a958f4f10 code [0x0000022a958f51a0, 0x0000022a958f6070]
Event: 21262.840 Thread 0x0000022ae3ba8d10 15148       4       java.util.concurrent.locks.AbstractQueuedSynchronizer$Node::getAndUnsetStatus (14 bytes)
Event: 21262.841 Thread 0x0000022ae3ba8d10 nmethod 15148 0x0000022a958f6a90 code [0x0000022a958f6c20, 0x0000022a958f6cf0]
Event: 21902.678 Thread 0x0000022aa0bdb810 15149   !   3       org.eclipse.core.internal.jobs.JobListeners::sendEvent (115 bytes)
Event: 21902.683 Thread 0x0000022ae3ba8d10 15150       4       org.eclipse.core.internal.utils.StringPool::add (50 bytes)
Event: 21902.697 Thread 0x0000022aa0bdb810 nmethod 15149 0x0000022a8f3ec790 code [0x0000022a8f3eca20, 0x0000022a8f3ed6f0]
Event: 21902.717 Thread 0x0000022ae3ba8d10 nmethod 15150 0x0000022a958f6d90 code [0x0000022a958f7000, 0x0000022a958f7b58]
Event: 22802.748 Thread 0x0000022ae3ba8d10 15151       4       org.eclipse.core.internal.dtree.AbstractDataTreeNode::storeStrings (42 bytes)
Event: 22802.753 Thread 0x0000022ae3ba8d10 nmethod 15151 0x0000022a958f8310 code [0x0000022a958f84c0, 0x0000022a958f8668]
Event: 22850.916 Thread 0x0000022ae3ba8d10 15152   !   4       java.util.concurrent.locks.LockSupport::parkNanos (56 bytes)
Event: 22850.919 Thread 0x0000022ae3ba8d10 nmethod 15152 0x0000022a958f8810 code [0x0000022a958f89c0, 0x0000022a958f8b38]
Event: 23001.051 Thread 0x0000022ae3ba8d10 15153   !   4       java.util.concurrent.locks.AbstractQueuedSynchronizer::tryInitializeHead (66 bytes)
Event: 23001.053 Thread 0x0000022ae3ba8d10 nmethod 15153 0x0000022a958f8c90 code [0x0000022a958f8e20, 0x0000022a958f8fe0]

GC Heap History (20 events):
Event: 19.990 GC heap before
{Heap before GC invocations=362 (full 3):
 PSYoungGen      total 11776K, used 10917K [0x00000000d5580000, 0x00000000d6280000, 0x0000000100000000)
  eden space 10240K, 96% used [0x00000000d5580000,0x00000000d5f247d8,0x00000000d5f80000)
  from space 1536K, 67% used [0x00000000d6100000,0x00000000d6204d20,0x00000000d6280000)
  to   space 1536K, 0% used [0x00000000d5f80000,0x00000000d5f80000,0x00000000d6100000)
 ParOldGen       total 237568K, used 237292K [0x0000000080000000, 0x000000008e800000, 0x00000000d5580000)
  object space 237568K, 99% used [0x0000000080000000,0x000000008e7bb038,0x000000008e800000)
 Metaspace       used 77335K, committed 78976K, reserved 1179648K
  class space    used 8149K, committed 8832K, reserved 1048576K
}
Event: 19.991 GC heap after
{Heap after GC invocations=362 (full 3):
 PSYoungGen      total 10752K, used 410K [0x00000000d5580000, 0x00000000d6180000, 0x0000000100000000)
  eden space 10240K, 0% used [0x00000000d5580000,0x00000000d5580000,0x00000000d5f80000)
  from space 512K, 80% used [0x00000000d5f80000,0x00000000d5fe6900,0x00000000d6000000)
  to   space 1024K, 0% used [0x00000000d6080000,0x00000000d6080000,0x00000000d6180000)
 ParOldGen       total 238592K, used 238112K [0x0000000080000000, 0x000000008e900000, 0x00000000d5580000)
  object space 238592K, 99% used [0x0000000080000000,0x000000008e888068,0x000000008e900000)
 Metaspace       used 77335K, committed 78976K, reserved 1179648K
  class space    used 8149K, committed 8832K, reserved 1048576K
}
Event: 20.010 GC heap before
{Heap before GC invocations=363 (full 3):
 PSYoungGen      total 10752K, used 10650K [0x00000000d5580000, 0x00000000d6180000, 0x0000000100000000)
  eden space 10240K, 100% used [0x00000000d5580000,0x00000000d5f80000,0x00000000d5f80000)
  from space 512K, 80% used [0x00000000d5f80000,0x00000000d5fe6900,0x00000000d6000000)
  to   space 1024K, 0% used [0x00000000d6080000,0x00000000d6080000,0x00000000d6180000)
 ParOldGen       total 238592K, used 238112K [0x0000000080000000, 0x000000008e900000, 0x00000000d5580000)
  object space 238592K, 99% used [0x0000000080000000,0x000000008e888068,0x000000008e900000)
 Metaspace       used 77348K, committed 78976K, reserved 1179648K
  class space    used 8153K, committed 8832K, reserved 1048576K
}
Event: 20.014 GC heap after
{Heap after GC invocations=363 (full 3):
 PSYoungGen      total 1536K, used 992K [0x00000000d5580000, 0x00000000d7780000, 0x0000000100000000)
  eden space 512K, 0% used [0x00000000d5580000,0x00000000d5580000,0x00000000d5600000)
  from space 1024K, 96% used [0x00000000d6080000,0x00000000d61782b0,0x00000000d6180000)
  to   space 10752K, 0% used [0x00000000d5600000,0x00000000d5600000,0x00000000d6080000)
 ParOldGen       total 247808K, used 247405K [0x0000000080000000, 0x000000008f200000, 0x00000000d5580000)
  object space 247808K, 99% used [0x0000000080000000,0x000000008f19b518,0x000000008f200000)
 Metaspace       used 77348K, committed 78976K, reserved 1179648K
  class space    used 8153K, committed 8832K, reserved 1048576K
}
Event: 20.017 GC heap before
{Heap before GC invocations=364 (full 3):
 PSYoungGen      total 1536K, used 1504K [0x00000000d5580000, 0x00000000d7780000, 0x0000000100000000)
  eden space 512K, 100% used [0x00000000d5580000,0x00000000d5600000,0x00000000d5600000)
  from space 1024K, 96% used [0x00000000d6080000,0x00000000d61782b0,0x00000000d6180000)
  to   space 10752K, 0% used [0x00000000d5600000,0x00000000d5600000,0x00000000d6080000)
 ParOldGen       total 247808K, used 247405K [0x0000000080000000, 0x000000008f200000, 0x00000000d5580000)
  object space 247808K, 99% used [0x0000000080000000,0x000000008f19b518,0x000000008f200000)
 Metaspace       used 77363K, committed 78976K, reserved 1179648K
  class space    used 8155K, committed 8832K, reserved 1048576K
}
Event: 20.018 GC heap after
{Heap after GC invocations=364 (full 3):
 PSYoungGen      total 1024K, used 256K [0x00000000d5580000, 0x00000000d6100000, 0x0000000100000000)
  eden space 512K, 0% used [0x00000000d5580000,0x00000000d5580000,0x00000000d5600000)
  from space 512K, 50% used [0x00000000d5600000,0x00000000d5640000,0x00000000d5680000)
  to   space 4096K, 0% used [0x00000000d5d00000,0x00000000d5d00000,0x00000000d6100000)
 ParOldGen       total 248832K, used 248453K [0x0000000080000000, 0x000000008f300000, 0x00000000d5580000)
  object space 248832K, 99% used [0x0000000080000000,0x000000008f2a17c8,0x000000008f300000)
 Metaspace       used 77363K, committed 78976K, reserved 1179648K
  class space    used 8155K, committed 8832K, reserved 1048576K
}
Event: 20.020 GC heap before
{Heap before GC invocations=365 (full 3):
 PSYoungGen      total 1024K, used 767K [0x00000000d5580000, 0x00000000d6100000, 0x0000000100000000)
  eden space 512K, 99% used [0x00000000d5580000,0x00000000d55fffd0,0x00000000d5600000)
  from space 512K, 50% used [0x00000000d5600000,0x00000000d5640000,0x00000000d5680000)
  to   space 4096K, 0% used [0x00000000d5d00000,0x00000000d5d00000,0x00000000d6100000)
 ParOldGen       total 248832K, used 248453K [0x0000000080000000, 0x000000008f300000, 0x00000000d5580000)
  object space 248832K, 99% used [0x0000000080000000,0x000000008f2a17c8,0x000000008f300000)
 Metaspace       used 77367K, committed 78976K, reserved 1179648K
  class space    used 8156K, committed 8832K, reserved 1048576K
}
Event: 20.021 GC heap after
{Heap after GC invocations=365 (full 3):
 PSYoungGen      total 1024K, used 320K [0x00000000d5580000, 0x00000000d5d80000, 0x0000000100000000)
  eden space 512K, 0% used [0x00000000d5580000,0x00000000d5580000,0x00000000d5600000)
  from space 512K, 62% used [0x00000000d5d00000,0x00000000d5d50000,0x00000000d5d80000)
  to   space 1024K, 0% used [0x00000000d5b80000,0x00000000d5b80000,0x00000000d5c80000)
 ParOldGen       total 248832K, used 248578K [0x0000000080000000, 0x000000008f300000, 0x00000000d5580000)
  object space 248832K, 99% used [0x0000000080000000,0x000000008f2c09c8,0x000000008f300000)
 Metaspace       used 77367K, committed 78976K, reserved 1179648K
  class space    used 8156K, committed 8832K, reserved 1048576K
}
Event: 20.022 GC heap before
{Heap before GC invocations=366 (full 3):
 PSYoungGen      total 1024K, used 832K [0x00000000d5580000, 0x00000000d5d80000, 0x0000000100000000)
  eden space 512K, 100% used [0x00000000d5580000,0x00000000d5600000,0x00000000d5600000)
  from space 512K, 62% used [0x00000000d5d00000,0x00000000d5d50000,0x00000000d5d80000)
  to   space 1024K, 0% used [0x00000000d5b80000,0x00000000d5b80000,0x00000000d5c80000)
 ParOldGen       total 248832K, used 248578K [0x0000000080000000, 0x000000008f300000, 0x00000000d5580000)
  object space 248832K, 99% used [0x0000000080000000,0x000000008f2c09c8,0x000000008f300000)
 Metaspace       used 77368K, committed 78976K, reserved 1179648K
  class space    used 8156K, committed 8832K, reserved 1048576K
}
Event: 20.023 GC heap after
{Heap after GC invocations=366 (full 3):
 PSYoungGen      total 7168K, used 352K [0x00000000d5580000, 0x00000000d5d80000, 0x0000000100000000)
  eden space 6144K, 0% used [0x00000000d5580000,0x00000000d5580000,0x00000000d5b80000)
  from space 1024K, 34% used [0x00000000d5b80000,0x00000000d5bd8000,0x00000000d5c80000)
  to   space 512K, 0% used [0x00000000d5d00000,0x00000000d5d00000,0x00000000d5d80000)
 ParOldGen       total 248832K, used 248704K [0x0000000080000000, 0x000000008f300000, 0x00000000d5580000)
  object space 248832K, 99% used [0x0000000080000000,0x000000008f2e02f8,0x000000008f300000)
 Metaspace       used 77368K, committed 78976K, reserved 1179648K
  class space    used 8156K, committed 8832K, reserved 1048576K
}
Event: 20.036 GC heap before
{Heap before GC invocations=367 (full 3):
 PSYoungGen      total 7168K, used 6496K [0x00000000d5580000, 0x00000000d5d80000, 0x0000000100000000)
  eden space 6144K, 100% used [0x00000000d5580000,0x00000000d5b80000,0x00000000d5b80000)
  from space 1024K, 34% used [0x00000000d5b80000,0x00000000d5bd8000,0x00000000d5c80000)
  to   space 512K, 0% used [0x00000000d5d00000,0x00000000d5d00000,0x00000000d5d80000)
 ParOldGen       total 248832K, used 248704K [0x0000000080000000, 0x000000008f300000, 0x00000000d5580000)
  object space 248832K, 99% used [0x0000000080000000,0x000000008f2e02f8,0x000000008f300000)
 Metaspace       used 77392K, committed 79040K, reserved 1179648K
  class space    used 8159K, committed 8832K, reserved 1048576K
}
Event: 20.037 GC heap after
{Heap after GC invocations=367 (full 3):
 PSYoungGen      total 6656K, used 512K [0x00000000d5580000, 0x00000000d5d80000, 0x0000000100000000)
  eden space 6144K, 0% used [0x00000000d5580000,0x00000000d5580000,0x00000000d5b80000)
  from space 512K, 100% used [0x00000000d5d00000,0x00000000d5d80000,0x00000000d5d80000)
  to   space 1024K, 0% used [0x00000000d5b80000,0x00000000d5b80000,0x00000000d5c80000)
 ParOldGen       total 249344K, used 249024K [0x0000000080000000, 0x000000008f380000, 0x00000000d5580000)
  object space 249344K, 99% used [0x0000000080000000,0x000000008f330308,0x000000008f380000)
 Metaspace       used 77392K, committed 79040K, reserved 1179648K
  class space    used 8159K, committed 8832K, reserved 1048576K
}
Event: 20.060 GC heap before
{Heap before GC invocations=368 (full 3):
 PSYoungGen      total 6656K, used 6656K [0x00000000d5580000, 0x00000000d5d80000, 0x0000000100000000)
  eden space 6144K, 100% used [0x00000000d5580000,0x00000000d5b80000,0x00000000d5b80000)
  from space 512K, 100% used [0x00000000d5d00000,0x00000000d5d80000,0x00000000d5d80000)
  to   space 1024K, 0% used [0x00000000d5b80000,0x00000000d5b80000,0x00000000d5c80000)
 ParOldGen       total 249344K, used 249024K [0x0000000080000000, 0x000000008f380000, 0x00000000d5580000)
  object space 249344K, 99% used [0x0000000080000000,0x000000008f330308,0x000000008f380000)
 Metaspace       used 77457K, committed 79168K, reserved 1179648K
  class space    used 8177K, committed 8896K, reserved 1048576K
}
Event: 20.061 GC heap after
{Heap after GC invocations=368 (full 3):
 PSYoungGen      total 7168K, used 928K [0x00000000d5580000, 0x00000000d5d80000, 0x0000000100000000)
  eden space 6144K, 0% used [0x00000000d5580000,0x00000000d5580000,0x00000000d5b80000)
  from space 1024K, 90% used [0x00000000d5b80000,0x00000000d5c68000,0x00000000d5c80000)
  to   space 1024K, 0% used [0x00000000d5c80000,0x00000000d5c80000,0x00000000d5d80000)
 ParOldGen       total 249856K, used 249504K [0x0000000080000000, 0x000000008f400000, 0x00000000d5580000)
  object space 249856K, 99% used [0x0000000080000000,0x000000008f3a8318,0x000000008f400000)
 Metaspace       used 77457K, committed 79168K, reserved 1179648K
  class space    used 8177K, committed 8896K, reserved 1048576K
}
Event: 20.088 GC heap before
{Heap before GC invocations=369 (full 3):
 PSYoungGen      total 7168K, used 7072K [0x00000000d5580000, 0x00000000d5d80000, 0x0000000100000000)
  eden space 6144K, 100% used [0x00000000d5580000,0x00000000d5b80000,0x00000000d5b80000)
  from space 1024K, 90% used [0x00000000d5b80000,0x00000000d5c68000,0x00000000d5c80000)
  to   space 1024K, 0% used [0x00000000d5c80000,0x00000000d5c80000,0x00000000d5d80000)
 ParOldGen       total 249856K, used 249504K [0x0000000080000000, 0x000000008f400000, 0x00000000d5580000)
  object space 249856K, 99% used [0x0000000080000000,0x000000008f3a8318,0x000000008f400000)
 Metaspace       used 77509K, committed 79168K, reserved 1179648K
  class space    used 8178K, committed 8896K, reserved 1048576K
}
Event: 20.089 GC heap after
{Heap after GC invocations=369 (full 3):
 PSYoungGen      total 7168K, used 768K [0x00000000d5580000, 0x00000000d5d80000, 0x0000000100000000)
  eden space 6144K, 0% used [0x00000000d5580000,0x00000000d5580000,0x00000000d5b80000)
  from space 1024K, 75% used [0x00000000d5c80000,0x00000000d5d40000,0x00000000d5d80000)
  to   space 1024K, 0% used [0x00000000d5b80000,0x00000000d5b80000,0x00000000d5c80000)
 ParOldGen       total 250368K, used 250240K [0x0000000080000000, 0x000000008f480000, 0x00000000d5580000)
  object space 250368K, 99% used [0x0000000080000000,0x000000008f460318,0x000000008f480000)
 Metaspace       used 77509K, committed 79168K, reserved 1179648K
  class space    used 8178K, committed 8896K, reserved 1048576K
}
Event: 20.866 GC heap before
{Heap before GC invocations=370 (full 3):
 PSYoungGen      total 7168K, used 6912K [0x00000000d5580000, 0x00000000d5d80000, 0x0000000100000000)
  eden space 6144K, 100% used [0x00000000d5580000,0x00000000d5b80000,0x00000000d5b80000)
  from space 1024K, 75% used [0x00000000d5c80000,0x00000000d5d40000,0x00000000d5d80000)
  to   space 1024K, 0% used [0x00000000d5b80000,0x00000000d5b80000,0x00000000d5c80000)
 ParOldGen       total 250368K, used 250240K [0x0000000080000000, 0x000000008f480000, 0x00000000d5580000)
  object space 250368K, 99% used [0x0000000080000000,0x000000008f460318,0x000000008f480000)
 Metaspace       used 77747K, committed 79360K, reserved 1179648K
  class space    used 8224K, committed 8896K, reserved 1048576K
}
Event: 20.867 GC heap after
{Heap after GC invocations=370 (full 3):
 PSYoungGen      total 7168K, used 404K [0x00000000d5580000, 0x00000000d5d80000, 0x0000000100000000)
  eden space 6144K, 0% used [0x00000000d5580000,0x00000000d5580000,0x00000000d5b80000)
  from space 1024K, 39% used [0x00000000d5b80000,0x00000000d5be5200,0x00000000d5c80000)
  to   space 1024K, 0% used [0x00000000d5c80000,0x00000000d5c80000,0x00000000d5d80000)
 ParOldGen       total 250880K, used 250818K [0x0000000080000000, 0x000000008f500000, 0x00000000d5580000)
  object space 250880K, 99% used [0x0000000080000000,0x000000008f4f0a90,0x000000008f500000)
 Metaspace       used 77747K, committed 79360K, reserved 1179648K
  class space    used 8224K, committed 8896K, reserved 1048576K
}
Event: 20.882 GC heap before
{Heap before GC invocations=371 (full 3):
 PSYoungGen      total 7168K, used 6548K [0x00000000d5580000, 0x00000000d5d80000, 0x0000000100000000)
  eden space 6144K, 100% used [0x00000000d5580000,0x00000000d5b80000,0x00000000d5b80000)
  from space 1024K, 39% used [0x00000000d5b80000,0x00000000d5be5200,0x00000000d5c80000)
  to   space 1024K, 0% used [0x00000000d5c80000,0x00000000d5c80000,0x00000000d5d80000)
 ParOldGen       total 250880K, used 250818K [0x0000000080000000, 0x000000008f500000, 0x00000000d5580000)
  object space 250880K, 99% used [0x0000000080000000,0x000000008f4f0a90,0x000000008f500000)
 Metaspace       used 77757K, committed 79360K, reserved 1179648K
  class space    used 8224K, committed 8896K, reserved 1048576K
}
Event: 20.883 GC heap after
{Heap after GC invocations=371 (full 3):
 PSYoungGen      total 7168K, used 736K [0x00000000d5580000, 0x00000000d5d80000, 0x0000000100000000)
  eden space 6144K, 0% used [0x00000000d5580000,0x00000000d5580000,0x00000000d5b80000)
  from space 1024K, 71% used [0x00000000d5c80000,0x00000000d5d38000,0x00000000d5d80000)
  to   space 1024K, 0% used [0x00000000d5b80000,0x00000000d5b80000,0x00000000d5c80000)
 ParOldGen       total 251392K, used 251069K [0x0000000080000000, 0x000000008f580000, 0x00000000d5580000)
  object space 251392K, 99% used [0x0000000080000000,0x000000008f52f6d0,0x000000008f580000)
 Metaspace       used 77757K, committed 79360K, reserved 1179648K
  class space    used 8224K, committed 8896K, reserved 1048576K
}

Dll operation events (12 events):
Event: 0.006 Loaded shared library c:\Users\Sameer\.vscode\extensions\redhat.java-1.50.0-win32-x64\jre\21.0.9-win32-x86_64\bin\java.dll
Event: 0.051 Loaded shared library c:\Users\Sameer\.vscode\extensions\redhat.java-1.50.0-win32-x64\jre\21.0.9-win32-x86_64\bin\zip.dll
Event: 0.067 Loaded shared library C:\Users\Sameer\.vscode\extensions\redhat.java-1.50.0-win32-x64\jre\21.0.9-win32-x86_64\bin\instrument.dll
Event: 0.071 Loaded shared library C:\Users\Sameer\.vscode\extensions\redhat.java-1.50.0-win32-x64\jre\21.0.9-win32-x86_64\bin\net.dll
Event: 0.072 Loaded shared library C:\Users\Sameer\.vscode\extensions\redhat.java-1.50.0-win32-x64\jre\21.0.9-win32-x86_64\bin\nio.dll
Event: 0.075 Loaded shared library C:\Users\Sameer\.vscode\extensions\redhat.java-1.50.0-win32-x64\jre\21.0.9-win32-x86_64\bin\zip.dll
Event: 0.089 Loaded shared library C:\Users\Sameer\.vscode\extensions\redhat.java-1.50.0-win32-x64\jre\21.0.9-win32-x86_64\bin\jimage.dll
Event: 0.142 Loaded shared library c:\Users\Sameer\.vscode\extensions\redhat.java-1.50.0-win32-x64\jre\21.0.9-win32-x86_64\bin\verify.dll
Event: 0.901 Loaded shared library C:\Users\Sameer\AppData\Roaming\Code\User\globalStorage\redhat.java\1.50.0\config_win\org.eclipse.equinox.launcher\org.eclipse.equinox.launcher.win32.win32.x86_64_1.2.1400.v20250801-0854\eclipse_11916.dll
Event: 1.909 Loaded shared library C:\Users\Sameer\AppData\Local\Temp\jna--1825818701\jna4363887515085360439.dll
Event: 3.387 Loaded shared library C:\Users\Sameer\.vscode\extensions\redhat.java-1.50.0-win32-x64\jre\21.0.9-win32-x86_64\bin\sunmscapi.dll
Event: 3.703 Loaded shared library C:\Users\Sameer\.vscode\extensions\redhat.java-1.50.0-win32-x64\jre\21.0.9-win32-x86_64\bin\extnet.dll

Deoptimization events (20 events):
Event: 30.803 Thread 0x0000022ae84f0080 DEOPT PACKING pc=0x0000022a8daaf5d0 sp=0x000000a6046fe9c0
Event: 30.803 Thread 0x0000022ae84f0080 DEOPT UNPACKING pc=0x0000022a948b4242 sp=0x000000a6046fdf18 mode 0
Event: 30.803 Thread 0x0000022ae84f0080 DEOPT PACKING pc=0x0000022a8daaf5d0 sp=0x000000a6046fe9c0
Event: 30.803 Thread 0x0000022ae84f0080 DEOPT UNPACKING pc=0x0000022a948b4242 sp=0x000000a6046fdf18 mode 0
Event: 30.803 Thread 0x0000022ae84f0080 DEOPT PACKING pc=0x0000022a8daaf5d0 sp=0x000000a6046fe9c0
Event: 30.803 Thread 0x0000022ae84f0080 DEOPT UNPACKING pc=0x0000022a948b4242 sp=0x000000a6046fdf18 mode 0
Event: 30.803 Thread 0x0000022ae84f0080 DEOPT PACKING pc=0x0000022a8daaf5d0 sp=0x000000a6046fe9c0
Event: 30.803 Thread 0x0000022ae84f0080 DEOPT UNPACKING pc=0x0000022a948b4242 sp=0x000000a6046fdf18 mode 0
Event: 30.803 Thread 0x0000022ae84f0080 DEOPT PACKING pc=0x0000022a8daaf5d0 sp=0x000000a6046fe9c0
Event: 30.803 Thread 0x0000022ae84f0080 DEOPT UNPACKING pc=0x0000022a948b4242 sp=0x000000a6046fdf18 mode 0
Event: 30.804 Thread 0x0000022ae84f0080 DEOPT PACKING pc=0x0000022a8daaf5d0 sp=0x000000a6046fe9c0
Event: 30.804 Thread 0x0000022ae84f0080 DEOPT UNPACKING pc=0x0000022a948b4242 sp=0x000000a6046fdf18 mode 0
Event: 30.804 Thread 0x0000022ae84f0080 DEOPT PACKING pc=0x0000022a8daaf5d0 sp=0x000000a6046fe9c0
Event: 30.804 Thread 0x0000022ae84f0080 DEOPT UNPACKING pc=0x0000022a948b4242 sp=0x000000a6046fdf18 mode 0
Event: 30.804 Thread 0x0000022ae84f0080 DEOPT PACKING pc=0x0000022a8daaf5d0 sp=0x000000a6046fe9c0
Event: 30.804 Thread 0x0000022ae84f0080 DEOPT UNPACKING pc=0x0000022a948b4242 sp=0x000000a6046fdf18 mode 0
Event: 30.805 Thread 0x0000022ae84f0080 DEOPT PACKING pc=0x0000022a8daaf5d0 sp=0x000000a6046fe9c0
Event: 30.805 Thread 0x0000022ae84f0080 DEOPT UNPACKING pc=0x0000022a948b4242 sp=0x000000a6046fdf18 mode 0
Event: 30.805 Thread 0x0000022ae84f0080 DEOPT PACKING pc=0x0000022a8daaf5d0 sp=0x000000a6046fe9c0
Event: 30.805 Thread 0x0000022ae84f0080 DEOPT UNPACKING pc=0x0000022a948b4242 sp=0x000000a6046fdf18 mode 0

Classes loaded (20 events):
Event: 13.063 Loading class java/util/stream/DistinctOps
Event: 13.063 Loading class java/util/stream/DistinctOps done
Event: 13.063 Loading class java/util/stream/DistinctOps$1
Event: 13.063 Loading class java/util/stream/DistinctOps$1 done
Event: 13.065 Loading class java/util/stream/DistinctOps$1$2
Event: 13.065 Loading class java/util/stream/DistinctOps$1$2 done
Event: 13.946 Loading class jdk/internal/ref/CleanerImpl$InnocuousThreadFactory
Event: 13.946 Loading class jdk/internal/ref/CleanerImpl$InnocuousThreadFactory done
Event: 14.213 Loading class sun/security/ssl/Alert
Event: 14.213 Loading class sun/security/ssl/Alert done
Event: 14.213 Loading class sun/security/ssl/Alert$AlertConsumer
Event: 14.213 Loading class sun/security/ssl/Alert$AlertConsumer done
Event: 14.213 Loading class sun/security/ssl/Alert$Level
Event: 14.214 Loading class sun/security/ssl/Alert$Level done
Event: 30.824 Loading class sun/nio/cs/ISO_8859_1$Encoder
Event: 30.824 Loading class sun/nio/cs/ISO_8859_1$Encoder done
Event: 30.824 Loading class sun/nio/cs/Surrogate$Parser
Event: 30.824 Loading class sun/nio/cs/Surrogate$Parser done
Event: 30.824 Loading class sun/nio/cs/Surrogate
Event: 30.824 Loading class sun/nio/cs/Surrogate done

Classes unloaded (7 events):
Event: 2.359 Thread 0x0000022aa0bb2cd0 Unloading class 0x0000022aa21a3800 'java/lang/invoke/LambdaForm$MH+0x0000022aa21a3800'
Event: 2.359 Thread 0x0000022aa0bb2cd0 Unloading class 0x0000022aa21a3400 'java/lang/invoke/LambdaForm$MH+0x0000022aa21a3400'
Event: 2.359 Thread 0x0000022aa0bb2cd0 Unloading class 0x0000022aa21a3000 'java/lang/invoke/LambdaForm$MH+0x0000022aa21a3000'
Event: 2.359 Thread 0x0000022aa0bb2cd0 Unloading class 0x0000022aa21a2c00 'java/lang/invoke/LambdaForm$MH+0x0000022aa21a2c00'
Event: 2.359 Thread 0x0000022aa0bb2cd0 Unloading class 0x0000022aa21a2800 'java/lang/invoke/LambdaForm$BMH+0x0000022aa21a2800'
Event: 2.359 Thread 0x0000022aa0bb2cd0 Unloading class 0x0000022aa21a2400 'java/lang/invoke/LambdaForm$DMH+0x0000022aa21a2400'
Event: 2.359 Thread 0x0000022aa0bb2cd0 Unloading class 0x0000022aa21a1000 'java/lang/invoke/LambdaForm$DMH+0x0000022aa21a1000'

Classes redefined (0 events):
No events

Internal exceptions (20 events):
Event: 13.170 Thread 0x0000022ae931c1d0 Exception <a 'java/io/FileNotFoundException'{0x00000000d5f5bf18}> (0x00000000d5f5bf18) 
thrown [s\src\hotspot\share\prims\jni.cpp, line 520]
Event: 13.170 Thread 0x0000022ae931c1d0 Exception <a 'java/io/FileNotFoundException'{0x00000000d5f5d000}> (0x00000000d5f5d000) 
thrown [s\src\hotspot\share\prims\jni.cpp, line 520]
Event: 13.171 Thread 0x0000022ae931c1d0 Exception <a 'java/io/FileNotFoundException'{0x00000000d5f5dd78}> (0x00000000d5f5dd78) 
thrown [s\src\hotspot\share\prims\jni.cpp, line 520]
Event: 13.395 Thread 0x0000022ae931a100 Implicit null exception at 0x0000022a953cfccb to 0x0000022a953cfe28
Event: 13.658 Thread 0x0000022aeab3b8c0 Exception <a 'sun/nio/fs/WindowsException'{0x00000000d5fd2a28}> (0x00000000d5fd2a28) 
thrown [s\src\hotspot\share\prims\jni.cpp, line 520]
Event: 13.658 Thread 0x0000022aeab3b8c0 Exception <a 'sun/nio/fs/WindowsException'{0x00000000d601b838}> (0x00000000d601b838) 
thrown [s\src\hotspot\share\prims\jni.cpp, line 520]
Event: 13.663 Thread 0x0000022aeab3aba0 Exception <a 'java/lang/NoSuchMethodError'{0x00000000d562c058}: 'java.lang.Object java.lang.invoke.DirectMethodHandle$Holder.invokeSpecial(java.lang.Object, java.lang.Object, java.lang.Object, java.lang.Object, int, java.lang.Object, java.lang.Object)'> (0x00000000d562c058) 
thrown [s\src\hotspot\share\interpreter\linkResolver.cpp, line 773]
Event: 13.664 Thread 0x0000022aeab3a510 Exception <a 'java/lang/NoSuchMethodError'{0x00000000d5583578}: 'java.lang.Object java.lang.invoke.DirectMethodHandle$Holder.invokeSpecial(java.lang.Object, java.lang.Object, java.lang.Object, java.lang.Object, int, java.lang.Object, java.lang.Object)'> (0x00000000d5583578) 
thrown [s\src\hotspot\share\interpreter\linkResolver.cpp, line 773]
Event: 13.664 Thread 0x0000022aeab37090 Exception <a 'java/lang/NoSuchMethodError'{0x00000000d566e9c0}: 'java.lang.Object java.lang.invoke.DirectMethodHandle$Holder.invokeSpecial(java.lang.Object, java.lang.Object, java.lang.Object, java.lang.Object, int, java.lang.Object, java.lang.Object)'> (0x00000000d566e9c0) 
thrown [s\src\hotspot\share\interpreter\linkResolver.cpp, line 773]
Event: 13.674 Thread 0x0000022aeab39e80 Exception <a 'java/lang/ArrayIndexOutOfBoundsException'{0x00000000d59c5d08}> (0x00000000d59c5d08) 
thrown [s\src\hotspot\share\runtime\sharedRuntime.cpp, line 625]
Event: 13.820 Thread 0x0000022aeab37720 Implicit null exception at 0x0000022a9543d95a to 0x0000022a9543d9b3
Event: 14.026 Thread 0x0000022aeab3bf50 Exception <a 'java/lang/NoSuchMethodError'{0x00000000d58a5eb0}: 'void java.lang.invoke.DirectMethodHandle$Holder.invokeSpecial(java.lang.Object, java.lang.Object, int)'> (0x00000000d58a5eb0) 
thrown [s\src\hotspot\share\interpreter\linkResolver.cpp, line 773]
Event: 14.072 Thread 0x0000022aeab3bf50 Exception <a 'java/lang/NoSuchMethodError'{0x00000000d5df6ea8}: 'int java.lang.invoke.DirectMethodHandle$Holder.invokeVirtual(java.lang.Object, java.lang.Object, java.lang.Object, int)'> (0x00000000d5df6ea8) 
thrown [s\src\hotspot\share\interpreter\linkResolver.cpp, line 773]
Event: 17.199 Thread 0x0000022aeab3bf50 Implicit null exception at 0x0000022a8ee7df44 to 0x0000022a8ee7e6b4
Event: 17.199 Thread 0x0000022aeab3bf50 Exception <a 'java/lang/NullPointerException'{0x00000000d5e91c50}> (0x00000000d5e91c50) 
thrown [s\src\hotspot\share\runtime\sharedRuntime.cpp, line 625]
Event: 18.804 Thread 0x0000022aeab3bf50 Implicit null exception at 0x0000022a9580ee01 to 0x0000022a95812cb4
Event: 19.982 Thread 0x0000022aeab3bf50 Implicit null exception at 0x0000022a9567b9dd to 0x0000022a9567c9b0
Event: 20.048 Thread 0x0000022aeab3bf50 Implicit null exception at 0x0000022a956379c6 to 0x0000022a95637a24
Event: 20.828 Thread 0x0000022aeab36a00 Exception <a 'java/lang/IncompatibleClassChangeError'{0x00000000d591e0b0}: Found class java.lang.Object, but interface was expected> (0x00000000d591e0b0) 
thrown [s\src\hotspot\share\interpreter\linkResolver.cpp, line 840]
Event: 5435.601 Thread 0x0000022aeab36a00 Exception <a 'java/lang/IncompatibleClassChangeError'{0x00000000d59f8510}: Found class java.lang.Object, but interface was expected> (0x00000000d59f8510) 
thrown [s\src\hotspot\share\interpreter\linkResolver.cpp, line 840]

ZGC Phase Switch (0 events):
No events

VM Operations (20 events):
Event: 24411.728 Executing VM operation: HandshakeAllThreads (HandshakeForDeflation)
Event: 24411.728 Executing VM operation: HandshakeAllThreads (HandshakeForDeflation) done
Event: 24411.728 Executing VM operation: RendezvousGCThreads
Event: 24411.728 Executing VM operation: RendezvousGCThreads done
Event: 24471.804 Executing VM operation: HandshakeAllThreads (HandshakeForDeflation)
Event: 24471.804 Executing VM operation: HandshakeAllThreads (HandshakeForDeflation) done
Event: 24471.804 Executing VM operation: RendezvousGCThreads
Event: 24471.804 Executing VM operation: RendezvousGCThreads done
Event: 24531.824 Executing VM operation: HandshakeAllThreads (HandshakeForDeflation)
Event: 24531.824 Executing VM operation: HandshakeAllThreads (HandshakeForDeflation) done
Event: 24531.824 Executing VM operation: RendezvousGCThreads
Event: 24531.824 Executing VM operation: RendezvousGCThreads done
Event: 24651.983 Executing VM operation: HandshakeAllThreads (HandshakeForDeflation)
Event: 24651.983 Executing VM operation: HandshakeAllThreads (HandshakeForDeflation) done
Event: 24651.983 Executing VM operation: RendezvousGCThreads
Event: 24651.983 Executing VM operation: RendezvousGCThreads done
Event: 24712.080 Executing VM operation: HandshakeAllThreads (HandshakeForDeflation)
Event: 24712.080 Executing VM operation: HandshakeAllThreads (HandshakeForDeflation) done
Event: 24712.080 Executing VM operation: RendezvousGCThreads
Event: 24712.080 Executing VM operation: RendezvousGCThreads done

Memory protections (0 events):
No events

Nmethod flushes (20 events):
Event: 6.275 Thread 0x0000022aa0bb2cd0 flushing osr nmethod 0x0000022a8db5b410
Event: 6.275 Thread 0x0000022aa0bb2cd0 flushing  nmethod 0x0000022a8db70210
Event: 6.275 Thread 0x0000022aa0bb2cd0 flushing  nmethod 0x0000022a8db8af10
Event: 6.275 Thread 0x0000022aa0bb2cd0 flushing  nmethod 0x0000022a8dba1e10
Event: 6.275 Thread 0x0000022aa0bb2cd0 flushing  nmethod 0x0000022a8dba2c10
Event: 6.275 Thread 0x0000022aa0bb2cd0 flushing  nmethod 0x0000022a8dba3b10
Event: 6.275 Thread 0x0000022aa0bb2cd0 flushing  nmethod 0x0000022a8dba4f90
Event: 6.275 Thread 0x0000022aa0bb2cd0 flushing  nmethod 0x0000022a8dbbf190
Event: 6.275 Thread 0x0000022aa0bb2cd0 flushing  nmethod 0x0000022a8dbbf790
Event: 6.275 Thread 0x0000022aa0bb2cd0 flushing  nmethod 0x0000022a8dbc3510
Event: 6.275 Thread 0x0000022aa0bb2cd0 flushing  nmethod 0x0000022a8dbc3c10
Event: 6.275 Thread 0x0000022aa0bb2cd0 flushing  nmethod 0x0000022a8dbc4390
Event: 6.275 Thread 0x0000022aa0bb2cd0 flushing  nmethod 0x0000022a8dbc5e10
Event: 6.275 Thread 0x0000022aa0bb2cd0 flushing  nmethod 0x0000022a8dbea610
Event: 6.275 Thread 0x0000022aa0bb2cd0 flushing  nmethod 0x0000022a8dbfb510
Event: 6.275 Thread 0x0000022aa0bb2cd0 flushing  nmethod 0x0000022a8dc85690
Event: 6.275 Thread 0x0000022aa0bb2cd0 flushing  nmethod 0x0000022a8dc86390
Event: 6.275 Thread 0x0000022aa0bb2cd0 flushing  nmethod 0x0000022a8dc8f690
Event: 6.275 Thread 0x0000022aa0bb2cd0 flushing  nmethod 0x0000022a8dca7210
Event: 6.275 Thread 0x0000022aa0bb2cd0 flushing  nmethod 0x0000022a8dcb0990

Events (20 events):
Event: 20.867 Thread 0x0000022aa0bdb810 Thread added: 0x0000022aecf12aa0
Event: 26.019 Thread 0x0000022aecf12aa0 Thread exited: 0x0000022aecf12aa0
Event: 30.792 Thread 0x0000022aecf123d0 Thread exited: 0x0000022aecf123d0
Event: 30.806 Thread 0x0000022aa0bdb810 Thread added: 0x0000022aecf0dfb0
Event: 35.877 Thread 0x0000022aecf0dfb0 Thread exited: 0x0000022aecf0dfb0
Event: 75.662 Thread 0x0000022aeab34930 Thread exited: 0x0000022aeab34930
Event: 75.662 Thread 0x0000022ae931b4b0 Thread exited: 0x0000022ae931b4b0
Event: 75.709 Thread 0x0000022ae931a100 Thread exited: 0x0000022ae931a100
Event: 75.771 Thread 0x0000022ae890eae0 Thread exited: 0x0000022ae890eae0
Event: 80.929 Thread 0x0000022aeab3bf50 Thread exited: 0x0000022aeab3bf50
Event: 140.938 Thread 0x0000022aeab38440 Thread exited: 0x0000022aeab38440
Event: 200.940 Thread 0x0000022aeab3a510 Thread exited: 0x0000022aeab3a510
Event: 260.943 Thread 0x0000022aeab39e80 Thread exited: 0x0000022aeab39e80
Event: 320.943 Thread 0x0000022aeab37090 Thread exited: 0x0000022aeab37090
Event: 380.956 Thread 0x0000022aeab37720 Thread exited: 0x0000022aeab37720
Event: 440.965 Thread 0x0000022aeab3aba0 Thread exited: 0x0000022aeab3aba0
Event: 500.968 Thread 0x0000022aeab34fc0 Thread exited: 0x0000022aeab34fc0
Event: 560.977 Thread 0x0000022aeab36370 Thread exited: 0x0000022aeab36370
Event: 620.978 Thread 0x0000022aeab3b8c0 Thread exited: 0x0000022aeab3b8c0
Event: 680.979 Thread 0x0000022aeab37db0 Thread exited: 0x0000022aeab37db0


Dynamic libraries:
0x00007ff62c070000 - 0x00007ff62c07e000 	c:\Users\Sameer\.vscode\extensions\redhat.java-1.50.0-win32-x64\jre\21.0.9-win32-x86_64\bin\java.exe
0x00007ffe4d7b0000 - 0x00007ffe4d9a8000 	C:\Windows\SYSTEM32\ntdll.dll
0x00007ffe4ba60000 - 0x00007ffe4bb22000 	C:\Windows\System32\KERNEL32.DLL
0x00007ffe4b080000 - 0x00007ffe4b376000 	C:\Windows\System32\KERNELBASE.dll
0x00007ffe4af30000 - 0x00007ffe4b030000 	C:\Windows\System32\ucrtbase.dll
0x00007ffe32820000 - 0x00007ffe3283e000 	c:\Users\Sameer\.vscode\extensions\redhat.java-1.50.0-win32-x64\jre\21.0.9-win32-x86_64\bin\VCRUNTIME140.dll
0x00007ffe33a20000 - 0x00007ffe33a38000 	c:\Users\Sameer\.vscode\extensions\redhat.java-1.50.0-win32-x64\jre\21.0.9-win32-x86_64\bin\jli.dll
0x00007ffe4c280000 - 0x00007ffe4c421000 	C:\Windows\System32\USER32.dll
0x00007ffe31ea0000 - 0x00007ffe3213b000 	C:\Windows\WinSxS\amd64_microsoft.windows.common-controls_6595b64144ccf1df_6.0.19041.6456_none_60b8a6cb71f64256\COMCTL32.dll
0x00007ffe4af00000 - 0x00007ffe4af22000 	C:\Windows\System32\win32u.dll
0x00007ffe4bb90000 - 0x00007ffe4bc2e000 	C:\Windows\System32\msvcrt.dll
0x00007ffe4ba30000 - 0x00007ffe4ba5b000 	C:\Windows\System32\GDI32.dll
0x00007ffe4b6b0000 - 0x00007ffe4b7c9000 	C:\Windows\System32\gdi32full.dll
0x00007ffe4b590000 - 0x00007ffe4b62d000 	C:\Windows\System32\msvcp_win.dll
0x00007ffe4c170000 - 0x00007ffe4c19f000 	C:\Windows\System32\IMM32.DLL
0x00007ffe46560000 - 0x00007ffe4656c000 	c:\Users\Sameer\.vscode\extensions\redhat.java-1.50.0-win32-x64\jre\21.0.9-win32-x86_64\bin\vcruntime140_1.dll
0x00007ffe20db0000 - 0x00007ffe20e3d000 	c:\Users\Sameer\.vscode\extensions\redhat.java-1.50.0-win32-x64\jre\21.0.9-win32-x86_64\bin\msvcp140.dll
0x00007ffdc8860000 - 0x00007ffdc9600000 	c:\Users\Sameer\.vscode\extensions\redhat.java-1.50.0-win32-x64\jre\21.0.9-win32-x86_64\bin\server\jvm.dll
0x00007ffe4bf90000 - 0x00007ffe4c041000 	C:\Windows\System32\ADVAPI32.dll
0x00007ffe4d260000 - 0x00007ffe4d2ff000 	C:\Windows\System32\sechost.dll
0x00007ffe4b7d0000 - 0x00007ffe4b8f0000 	C:\Windows\System32\RPCRT4.dll
0x00007ffe4ae40000 - 0x00007ffe4ae67000 	C:\Windows\System32\bcrypt.dll
0x00007ffe4d1f0000 - 0x00007ffe4d25b000 	C:\Windows\System32\WS2_32.dll
0x00007ffe4ab80000 - 0x00007ffe4abcb000 	C:\Windows\SYSTEM32\POWRPROF.dll
0x00007ffe400b0000 - 0x00007ffe400d7000 	C:\Windows\SYSTEM32\WINMM.dll
0x00007ffe44e60000 - 0x00007ffe44e6a000 	C:\Windows\SYSTEM32\VERSION.dll
0x00007ffe4a9b0000 - 0x00007ffe4a9c2000 	C:\Windows\SYSTEM32\UMPDC.dll
0x00007ffe48c70000 - 0x00007ffe48c82000 	C:\Windows\SYSTEM32\kernel.appcore.dll
0x00007ffe45300000 - 0x00007ffe4530a000 	c:\Users\Sameer\.vscode\extensions\redhat.java-1.50.0-win32-x64\jre\21.0.9-win32-x86_64\bin\jimage.dll
0x00007ffe40350000 - 0x00007ffe40551000 	C:\Windows\SYSTEM32\DBGHELP.DLL
0x00007ffe2dc60000 - 0x00007ffe2dc94000 	C:\Windows\SYSTEM32\dbgcore.DLL
0x00007ffe4ae70000 - 0x00007ffe4aef2000 	C:\Windows\System32\bcryptPrimitives.dll
0x00007ffe39f90000 - 0x00007ffe39f9f000 	c:\Users\Sameer\.vscode\extensions\redhat.java-1.50.0-win32-x64\jre\21.0.9-win32-x86_64\bin\instrument.dll
0x00007ffe45b50000 - 0x00007ffe45b70000 	c:\Users\Sameer\.vscode\extensions\redhat.java-1.50.0-win32-x64\jre\21.0.9-win32-x86_64\bin\java.dll
0x00007ffe4c7b0000 - 0x00007ffe4cf20000 	C:\Windows\System32\SHELL32.dll
0x00007ffe48e70000 - 0x00007ffe49615000 	C:\Windows\SYSTEM32\windows.storage.dll
0x00007ffe4bc30000 - 0x00007ffe4bf84000 	C:\Windows\System32\combase.dll
0x00007ffe4a800000 - 0x00007ffe4a82b000 	C:\Windows\SYSTEM32\Wldp.dll
0x00007ffe4c6e0000 - 0x00007ffe4c7ad000 	C:\Windows\System32\OLEAUT32.dll
0x00007ffe4c050000 - 0x00007ffe4c0fd000 	C:\Windows\System32\SHCORE.dll
0x00007ffe4c560000 - 0x00007ffe4c5bb000 	C:\Windows\System32\shlwapi.dll
0x00007ffe4ad70000 - 0x00007ffe4ad94000 	C:\Windows\SYSTEM32\profapi.dll
0x00007ffe30750000 - 0x00007ffe30768000 	c:\Users\Sameer\.vscode\extensions\redhat.java-1.50.0-win32-x64\jre\21.0.9-win32-x86_64\bin\zip.dll
0x00007ffe43a30000 - 0x00007ffe43a40000 	C:\Users\Sameer\.vscode\extensions\redhat.java-1.50.0-win32-x64\jre\21.0.9-win32-x86_64\bin\net.dll
0x00007ffe40dc0000 - 0x00007ffe40eca000 	C:\Windows\SYSTEM32\WINHTTP.dll
0x00007ffe4a510000 - 0x00007ffe4a57a000 	C:\Windows\system32\mswsock.dll
0x00007ffe305b0000 - 0x00007ffe305c6000 	C:\Users\Sameer\.vscode\extensions\redhat.java-1.50.0-win32-x64\jre\21.0.9-win32-x86_64\bin\nio.dll
0x00007ffe39890000 - 0x00007ffe398a0000 	c:\Users\Sameer\.vscode\extensions\redhat.java-1.50.0-win32-x64\jre\21.0.9-win32-x86_64\bin\verify.dll
0x00007ffe245e0000 - 0x00007ffe24624000 	C:\Users\Sameer\AppData\Roaming\Code\User\globalStorage\redhat.java\1.50.0\config_win\org.eclipse.equinox.launcher\org.eclipse.equinox.launcher.win32.win32.x86_64_1.2.1400.v20250801-0854\eclipse_11916.dll
0x00007ffe4b900000 - 0x00007ffe4ba2b000 	C:\Windows\System32\ole32.dll
0x00007ffe4a730000 - 0x00007ffe4a748000 	C:\Windows\SYSTEM32\CRYPTSP.dll
0x00007ffe49dd0000 - 0x00007ffe49e08000 	C:\Windows\system32\rsaenh.dll
0x00007ffe4acf0000 - 0x00007ffe4ad1e000 	C:\Windows\SYSTEM32\USERENV.dll
0x00007ffe4a750000 - 0x00007ffe4a75c000 	C:\Windows\SYSTEM32\CRYPTBASE.dll
0x00007ffe4a1a0000 - 0x00007ffe4a1db000 	C:\Windows\SYSTEM32\IPHLPAPI.DLL
0x00007ffe4c5c0000 - 0x00007ffe4c5c8000 	C:\Windows\System32\NSI.dll
0x00007ffdf78c0000 - 0x00007ffdf7909000 	C:\Users\Sameer\AppData\Local\Temp\jna--1825818701\jna4363887515085360439.dll
0x00007ffe4c100000 - 0x00007ffe4c108000 	C:\Windows\System32\PSAPI.DLL
0x00007ffe41be0000 - 0x00007ffe41bf7000 	C:\Windows\SYSTEM32\dhcpcsvc6.DLL
0x00007ffe41b20000 - 0x00007ffe41b3d000 	C:\Windows\SYSTEM32\dhcpcsvc.DLL
0x00007ffe2f240000 - 0x00007ffe2f24e000 	C:\Users\Sameer\.vscode\extensions\redhat.java-1.50.0-win32-x64\jre\21.0.9-win32-x86_64\bin\sunmscapi.dll
0x00007ffe4b430000 - 0x00007ffe4b58d000 	C:\Windows\System32\CRYPT32.dll
0x00007ffe4a870000 - 0x00007ffe4a897000 	C:\Windows\SYSTEM32\ncrypt.dll
0x00007ffe4a830000 - 0x00007ffe4a86b000 	C:\Windows\SYSTEM32\NTASN1.dll
0x00007ffe4a1e0000 - 0x00007ffe4a2aa000 	C:\Windows\SYSTEM32\DNSAPI.dll
0x00007ffe3e000000 - 0x00007ffe3e00a000 	C:\Windows\System32\rasadhlp.dll
0x00007ffe3d930000 - 0x00007ffe3d9b0000 	C:\Windows\System32\fwpuclnt.dll
0x00007ffe2e800000 - 0x00007ffe2e809000 	C:\Users\Sameer\.vscode\extensions\redhat.java-1.50.0-win32-x64\jre\21.0.9-win32-x86_64\bin\extnet.dll

JVMTI agents:
c:\Users\Sameer\.vscode\extensions\redhat.java-1.50.0-win32-x64\lombok\lombok-1.18.39-4050.jar path:c:\Users\Sameer\.vscode\extensions\redhat.java-1.50.0-win32-x64\jre\21.0.9-win32-x86_64\bin\instrument.dll, loaded, initialized, instrumentlib options:none

dbghelp: loaded successfully - version: 4.0.5 - missing functions: none
symbol engine: initialized successfully - sym options: 0x614 - pdb path: .;c:\Users\Sameer\.vscode\extensions\redhat.java-1.50.0-win32-x64\jre\21.0.9-win32-x86_64\bin;C:\Windows\SYSTEM32;C:\Windows\WinSxS\amd64_microsoft.windows.common-controls_6595b64144ccf1df_6.0.19041.6456_none_60b8a6cb71f64256;c:\Users\Sameer\.vscode\extensions\redhat.java-1.50.0-win32-x64\jre\21.0.9-win32-x86_64\bin\server;C:\Users\Sameer\AppData\Roaming\Code\User\globalStorage\redhat.java\1.50.0\config_win\org.eclipse.equinox.launcher\org.eclipse.equinox.launcher.win32.win32.x86_64_1.2.1400.v20250801-0854;C:\Users\Sameer\AppData\Local\Temp\jna--1825818701

VM Arguments:
jvm_args: --add-modules=ALL-SYSTEM --add-opens=java.base/java.util=ALL-UNNAMED --add-opens=java.base/java.lang=ALL-UNNAMED --add-opens=java.base/sun.nio.fs=ALL-UNNAMED -Declipse.application=org.eclipse.jdt.ls.core.id1 -Dosgi.bundles.defaultStartLevel=4 -Declipse.product=org.eclipse.jdt.ls.core.product -Djava.import.generatesMetadataFilesAtProjectRoot=false -DDetectVMInstallationsJob.disabled=true -Dfile.encoding=utf8 -XX:+UseParallelGC -XX:GCTimeRatio=4 -XX:AdaptiveSizePolicyWeight=90 -Dsun.zip.disableMemoryMapping=true -Xmx2G -Xms100m -Xlog:disable -javaagent:c:\Users\Sameer\.vscode\extensions\redhat.java-1.50.0-win32-x64\lombok\lombok-1.18.39-4050.jar -XX:+HeapDumpOnOutOfMemoryError -XX:HeapDumpPath=c:\Users\Sameer\AppData\Roaming\Code\User\workspaceStorage\947248895c1b84365537d17d33aefe41\redhat.java -Daether.dependencyCollector.impl=bf 
java_command: c:\Users\Sameer\.vscode\extensions\redhat.java-1.50.0-win32-x64\server\plugins\org.eclipse.equinox.launcher_1.7.100.v20251111-0406.jar -configuration c:\Users\Sameer\AppData\Roaming\Code\User\globalStorage\redhat.java\1.50.0\config_win -data c:\Users\Sameer\AppData\Roaming\Code\User\workspaceStorage\947248895c1b84365537d17d33aefe41\redhat.java\jdt_ws --pipe=\\.\pipe\lsp-acd85a6d85d095cc860b0474244475f5-sock
java_class_path (initial): c:\Users\Sameer\.vscode\extensions\redhat.java-1.50.0-win32-x64\server\plugins\org.eclipse.equinox.launcher_1.7.100.v20251111-0406.jar
Launcher Type: SUN_STANDARD

[Global flags]
    uintx AdaptiveSizePolicyWeight                 = 90                                        {product} {command line}
     intx CICompilerCount                          = 4                                         {product} {ergonomic}
    uintx GCTimeRatio                              = 4                                         {product} {command line}
     bool HeapDumpOnOutOfMemoryError               = true                                   {manageable} {command line}
    ccstr HeapDumpPath                             = c:\Users\Sameer\AppData\Roaming\Code\User\workspaceStorage\947248895c1b84365537d17d33aefe41\redhat.java         {manageable} {command line}
   size_t InitialHeapSize                          = 104857600                                 {product} {command line}
   size_t MaxHeapSize                              = 2147483648                                {product} {command line}
   size_t MaxNewSize                               = 715653120                                 {product} {ergonomic}
   size_t MinHeapDeltaBytes                        = 524288                                    {product} {ergonomic}
   size_t MinHeapSize                              = 104857600                                 {product} {command line}
   size_t NewSize                                  = 34603008                                  {product} {ergonomic}
    uintx NonNMethodCodeHeapSize                   = 5839372                                {pd product} {ergonomic}
    uintx NonProfiledCodeHeapSize                  = 122909434                              {pd product} {ergonomic}
   size_t OldSize                                  = 70254592                                  {product} {ergonomic}
    uintx ProfiledCodeHeapSize                     = 122909434                              {pd product} {ergonomic}
    uintx ReservedCodeCacheSize                    = 251658240                              {pd product} {ergonomic}
     bool SegmentedCodeCache                       = true                                      {product} {ergonomic}
   size_t SoftMaxHeapSize                          = 2147483648                             {manageable} {ergonomic}
     bool UseCompressedOops                        = true                           {product lp64_product} {ergonomic}
     bool UseLargePagesIndividualAllocation        = false                                  {pd product} {ergonomic}
     bool UseParallelGC                            = true                                      {product} {command line}

Logging:
Log output configuration:
 #0: stdout all=off uptime,level,tags foldmultilines=false
 #1: stderr all=off uptime,level,tags foldmultilines=false

Release file:
JAVA_VERSION="21.0.9" 
MODULES="java.base java.compiler java.datatransfer java.xml java.prefs java.desktop java.instrument java.logging java.management java.security.sasl java.naming java.rmi java.management.rmi java.net.http java.scripting java.security.jgss java.transaction.xa java.sql java.sql.rowset java.xml.crypto java.se java.smartcardio jdk.accessibility jdk.internal.jvmstat jdk.attach jdk.charsets jdk.internal.opt jdk.zipfs jdk.compiler jdk.crypto.ec jdk.crypto.cryptoki jdk.crypto.mscapi jdk.dynalink jdk.internal.ed jdk.editpad jdk.hotspot.agent jdk.httpserver jdk.internal.le jdk.internal.vm.ci jdk.internal.vm.compiler jdk.internal.vm.compiler.management jdk.jartool jdk.javadoc jdk.jcmd jdk.management jdk.management.agent jdk.jconsole jdk.jdeps jdk.jdwp.agent jdk.jdi jdk.jfr jdk.jshell jdk.jsobject jdk.jstatd jdk.localedata jdk.management.jfr jdk.naming.dns jdk.naming.rmi jdk.net jdk.nio.mapmode jdk.random jdk.sctp jdk.security.auth jdk.security.jgss jdk.unsupported jdk.unsupported.desktop jdk.xml.dom" 

Environment Variables:
PATH=E:\SDK\Python\Scripts\;E:\SDK\Python\;C:\Windows\system32;C:\Windows;C:\Windows\System32\Wbem;C:\Windows\System32\WindowsPowerShell\v1.0\;C:\Windows\System32\OpenSSH\;C:\Program Files\NVIDIA Corporation\NVIDIA App\NvDLISR;C:\Program Files (x86)\NVIDIA Corporation\PhysX\Common;E:\Tools\Git\cmd;E:\Tools\Microsoft VS Code\bin;E:\SDK\Android\platform-tools;E:\SDK\Java\bin;C:\Program Files\Docker\Docker\resources\bin;E:\SDK\mingw64\bin;C:\Users\Sameer\AppData\Local\Microsoft\WindowsApps;
USERNAME=Sameer
OS=Windows_NT
PROCESSOR_IDENTIFIER=AMD64 Family 25 Model 80 Stepping 0, AuthenticAMD
TMP=C:\Users\Sameer\AppData\Local\Temp
TEMP=C:\Users\Sameer\AppData\Local\Temp




Periodic native trim disabled

---------------  S Y S T E M  ---------------

OS:
 Windows 10 , 64 bit Build 19041 (10.0.19041.5915)
OS uptime: 0 days 9:49 hours
Hyper-V role detected

CPU: total 12 (initial active 12) (12 cores per cpu, 2 threads per core) family 25 model 80 stepping 0 microcode 0x0, cx8, cmov, fxsr, ht, mmx, 3dnowpref, sse, sse2, sse3, ssse3, sse4a, sse4.1, sse4.2, popcnt, lzcnt, tsc, tscinvbit, avx, avx2, aes, erms, clmul, bmi1, bmi2, adx, sha, fma, vzeroupper, clflush, clflushopt, hv, rdtscp, rdpid, fsrm, f16c, cet_ss
Processor Information for the first 12 processors :
  Max Mhz: 3301, Current Mhz: 3301, Mhz Limit: 3301

Memory: 4k page, system-wide physical 15713M (1216M free)
TotalPageFile size 41547M (AvailPageFile size 100M)
current process WorkingSet (physical memory assigned to process): 8M, peak: 524M
current process commit charge ("private bytes"): 554M, peak: 611M

vm_info: OpenJDK 64-Bit Server VM (21.0.9+10-LTS) for windows-amd64 JRE (21.0.9+10-LTS), built on 2025-10-21T00:00:00Z by "admin" with unknown MS VC++:1942

END.
